<?xml version="1.0" encoding="UTF-8"?>
<!-- Generated by org.testng.reporters.JUnitReportReporter -->
<testsuite hostname="DESKTOP-1DJ913M" failures="0" tests="2" name="MavenProject.mobileTest" time="0.000" errors="0" timestamp="20 Mar 2019 18:45:55 GMT" skipped="0">
  <testcase classname="MavenProject.mobileTest" name="obileTest1" time="0.000"/>
  <testcase classname="MavenProject.mobileTest" name="MobileTest" time="0.000"/>
</testsuite> <!-- MavenProject.mobileTest -->
