<?xml version="1.0" encoding="UTF-8"?>
<!-- Generated by org.testng.reporters.JUnitReportReporter -->
<testsuite hostname="DESKTOP-1DJ913M" failures="0" tests="2" name="MavenProject.browserTest" time="0.006" errors="0" timestamp="20 Mar 2019 18:45:55 GMT" skipped="0">
  <testcase classname="MavenProject.browserTest" name="BrowserTest1" time="0.001"/>
  <testcase classname="MavenProject.browserTest" name="BrowserTest" time="0.005"/>
</testsuite> <!-- MavenProject.browserTest -->
